cl : Befehlszeile warning D9025: "/sdl" wird durch "/GS-" überschrieben
  main.cpp
c:\users\kalckhop\documents\hs21 unterlagen pk\2. semester\informatik 1\studienleistung inf1 - kopie\studienleistung inf1\main.cpp(22): warning C4996: 'fopen': This function or variable may be unsafe. Consider using fopen_s instead. To disable deprecation, use _CRT_SECURE_NO_WARNINGS. See online help for details.
  c:\program files (x86)\windows kits\10\include\10.0.15063.0\ucrt\stdio.h(207): note: Siehe Deklaration von "fopen"
c:\users\kalckhop\documents\hs21 unterlagen pk\2. semester\informatik 1\studienleistung inf1 - kopie\studienleistung inf1\main.cpp(23): warning C4996: 'fopen': This function or variable may be unsafe. Consider using fopen_s instead. To disable deprecation, use _CRT_SECURE_NO_WARNINGS. See online help for details.
  c:\program files (x86)\windows kits\10\include\10.0.15063.0\ucrt\stdio.h(207): note: Siehe Deklaration von "fopen"
c:\users\kalckhop\documents\hs21 unterlagen pk\2. semester\informatik 1\studienleistung inf1 - kopie\studienleistung inf1\main.cpp(24): warning C4996: 'fopen': This function or variable may be unsafe. Consider using fopen_s instead. To disable deprecation, use _CRT_SECURE_NO_WARNINGS. See online help for details.
  c:\program files (x86)\windows kits\10\include\10.0.15063.0\ucrt\stdio.h(207): note: Siehe Deklaration von "fopen"
c:\users\kalckhop\documents\hs21 unterlagen pk\2. semester\informatik 1\studienleistung inf1 - kopie\studienleistung inf1\main.cpp(25): warning C4996: 'fopen': This function or variable may be unsafe. Consider using fopen_s instead. To disable deprecation, use _CRT_SECURE_NO_WARNINGS. See online help for details.
  c:\program files (x86)\windows kits\10\include\10.0.15063.0\ucrt\stdio.h(207): note: Siehe Deklaration von "fopen"
c:\users\kalckhop\documents\hs21 unterlagen pk\2. semester\informatik 1\studienleistung inf1 - kopie\studienleistung inf1\main.cpp(71): warning C4996: 'scanf': This function or variable may be unsafe. Consider using scanf_s instead. To disable deprecation, use _CRT_SECURE_NO_WARNINGS. See online help for details.
  c:\program files (x86)\windows kits\10\include\10.0.15063.0\ucrt\stdio.h(1272): note: Siehe Deklaration von "scanf"
c:\users\kalckhop\documents\hs21 unterlagen pk\2. semester\informatik 1\studienleistung inf1 - kopie\studienleistung inf1\main.cpp(135): warning C4996: 'scanf': This function or variable may be unsafe. Consider using scanf_s instead. To disable deprecation, use _CRT_SECURE_NO_WARNINGS. See online help for details.
  c:\program files (x86)\windows kits\10\include\10.0.15063.0\ucrt\stdio.h(1272): note: Siehe Deklaration von "scanf"
c:\users\kalckhop\documents\hs21 unterlagen pk\2. semester\informatik 1\studienleistung inf1 - kopie\studienleistung inf1\main.cpp(144): warning C4996: 'fopen': This function or variable may be unsafe. Consider using fopen_s instead. To disable deprecation, use _CRT_SECURE_NO_WARNINGS. See online help for details.
  c:\program files (x86)\windows kits\10\include\10.0.15063.0\ucrt\stdio.h(207): note: Siehe Deklaration von "fopen"
c:\users\kalckhop\documents\hs21 unterlagen pk\2. semester\informatik 1\studienleistung inf1 - kopie\studienleistung inf1\main.cpp(145): warning C4996: 'fopen': This function or variable may be unsafe. Consider using fopen_s instead. To disable deprecation, use _CRT_SECURE_NO_WARNINGS. See online help for details.
  c:\program files (x86)\windows kits\10\include\10.0.15063.0\ucrt\stdio.h(207): note: Siehe Deklaration von "fopen"
c:\users\kalckhop\documents\hs21 unterlagen pk\2. semester\informatik 1\studienleistung inf1 - kopie\studienleistung inf1\main.cpp(146): warning C4996: 'fopen': This function or variable may be unsafe. Consider using fopen_s instead. To disable deprecation, use _CRT_SECURE_NO_WARNINGS. See online help for details.
  c:\program files (x86)\windows kits\10\include\10.0.15063.0\ucrt\stdio.h(207): note: Siehe Deklaration von "fopen"
c:\users\kalckhop\documents\hs21 unterlagen pk\2. semester\informatik 1\studienleistung inf1 - kopie\studienleistung inf1\main.cpp(147): warning C4996: 'fopen': This function or variable may be unsafe. Consider using fopen_s instead. To disable deprecation, use _CRT_SECURE_NO_WARNINGS. See online help for details.
  c:\program files (x86)\windows kits\10\include\10.0.15063.0\ucrt\stdio.h(207): note: Siehe Deklaration von "fopen"
c:\users\kalckhop\documents\hs21 unterlagen pk\2. semester\informatik 1\studienleistung inf1 - kopie\studienleistung inf1\main.cpp(12): warning C4101: "i": Unreferenzierte lokale Variable
  funcsNstructs.cpp
c:\users\kalckhop\documents\hs21 unterlagen pk\2. semester\informatik 1\studienleistung inf1 - kopie\studienleistung inf1\funcsnstructs.cpp(34): warning C4996: 'strcpy': This function or variable may be unsafe. Consider using strcpy_s instead. To disable deprecation, use _CRT_SECURE_NO_WARNINGS. See online help for details.
  c:\program files (x86)\windows kits\10\include\10.0.15063.0\ucrt\string.h(136): note: Siehe Deklaration von "strcpy"
c:\users\kalckhop\documents\hs21 unterlagen pk\2. semester\informatik 1\studienleistung inf1 - kopie\studienleistung inf1\funcsnstructs.cpp(35): warning C4996: 'strcpy': This function or variable may be unsafe. Consider using strcpy_s instead. To disable deprecation, use _CRT_SECURE_NO_WARNINGS. See online help for details.
  c:\program files (x86)\windows kits\10\include\10.0.15063.0\ucrt\string.h(136): note: Siehe Deklaration von "strcpy"
c:\users\kalckhop\documents\hs21 unterlagen pk\2. semester\informatik 1\studienleistung inf1 - kopie\studienleistung inf1\funcsnstructs.cpp(49): warning C4996: 'strcpy': This function or variable may be unsafe. Consider using strcpy_s instead. To disable deprecation, use _CRT_SECURE_NO_WARNINGS. See online help for details.
  c:\program files (x86)\windows kits\10\include\10.0.15063.0\ucrt\string.h(136): note: Siehe Deklaration von "strcpy"
c:\users\kalckhop\documents\hs21 unterlagen pk\2. semester\informatik 1\studienleistung inf1 - kopie\studienleistung inf1\funcsnstructs.cpp(50): warning C4996: 'strcpy': This function or variable may be unsafe. Consider using strcpy_s instead. To disable deprecation, use _CRT_SECURE_NO_WARNINGS. See online help for details.
  c:\program files (x86)\windows kits\10\include\10.0.15063.0\ucrt\string.h(136): note: Siehe Deklaration von "strcpy"
c:\users\kalckhop\documents\hs21 unterlagen pk\2. semester\informatik 1\studienleistung inf1 - kopie\studienleistung inf1\funcsnstructs.cpp(108): warning C4996: 'scanf': This function or variable may be unsafe. Consider using scanf_s instead. To disable deprecation, use _CRT_SECURE_NO_WARNINGS. See online help for details.
  c:\program files (x86)\windows kits\10\include\10.0.15063.0\ucrt\stdio.h(1272): note: Siehe Deklaration von "scanf"
c:\users\kalckhop\documents\hs21 unterlagen pk\2. semester\informatik 1\studienleistung inf1 - kopie\studienleistung inf1\funcsnstructs.cpp(359): warning C4996: 'scanf': This function or variable may be unsafe. Consider using scanf_s instead. To disable deprecation, use _CRT_SECURE_NO_WARNINGS. See online help for details.
  c:\program files (x86)\windows kits\10\include\10.0.15063.0\ucrt\stdio.h(1272): note: Siehe Deklaration von "scanf"
c:\users\kalckhop\documents\hs21 unterlagen pk\2. semester\informatik 1\studienleistung inf1 - kopie\studienleistung inf1\funcsnstructs.cpp(367): warning C4996: 'strcpy': This function or variable may be unsafe. Consider using strcpy_s instead. To disable deprecation, use _CRT_SECURE_NO_WARNINGS. See online help for details.
  c:\program files (x86)\windows kits\10\include\10.0.15063.0\ucrt\string.h(136): note: Siehe Deklaration von "strcpy"
c:\users\kalckhop\documents\hs21 unterlagen pk\2. semester\informatik 1\studienleistung inf1 - kopie\studienleistung inf1\funcsnstructs.cpp(377): warning C4996: 'scanf': This function or variable may be unsafe. Consider using scanf_s instead. To disable deprecation, use _CRT_SECURE_NO_WARNINGS. See online help for details.
  c:\program files (x86)\windows kits\10\include\10.0.15063.0\ucrt\stdio.h(1272): note: Siehe Deklaration von "scanf"
c:\users\kalckhop\documents\hs21 unterlagen pk\2. semester\informatik 1\studienleistung inf1 - kopie\studienleistung inf1\funcsnstructs.cpp(385): warning C4996: 'strcpy': This function or variable may be unsafe. Consider using strcpy_s instead. To disable deprecation, use _CRT_SECURE_NO_WARNINGS. See online help for details.
  c:\program files (x86)\windows kits\10\include\10.0.15063.0\ucrt\string.h(136): note: Siehe Deklaration von "strcpy"
c:\users\kalckhop\documents\hs21 unterlagen pk\2. semester\informatik 1\studienleistung inf1 - kopie\studienleistung inf1\funcsnstructs.cpp(395): warning C4996: 'scanf': This function or variable may be unsafe. Consider using scanf_s instead. To disable deprecation, use _CRT_SECURE_NO_WARNINGS. See online help for details.
  c:\program files (x86)\windows kits\10\include\10.0.15063.0\ucrt\stdio.h(1272): note: Siehe Deklaration von "scanf"
c:\users\kalckhop\documents\hs21 unterlagen pk\2. semester\informatik 1\studienleistung inf1 - kopie\studienleistung inf1\funcsnstructs.cpp(411): warning C4996: 'scanf': This function or variable may be unsafe. Consider using scanf_s instead. To disable deprecation, use _CRT_SECURE_NO_WARNINGS. See online help for details.
  c:\program files (x86)\windows kits\10\include\10.0.15063.0\ucrt\stdio.h(1272): note: Siehe Deklaration von "scanf"
c:\users\kalckhop\documents\hs21 unterlagen pk\2. semester\informatik 1\studienleistung inf1 - kopie\studienleistung inf1\funcsnstructs.cpp(424): warning C4996: 'itoa': The POSIX name for this item is deprecated. Instead, use the ISO C and C++ conformant name: _itoa. See online help for details.
  c:\program files (x86)\windows kits\10\include\10.0.15063.0\ucrt\stdlib.h(1334): note: Siehe Deklaration von "itoa"
c:\users\kalckhop\documents\hs21 unterlagen pk\2. semester\informatik 1\studienleistung inf1 - kopie\studienleistung inf1\funcsnstructs.cpp(425): warning C4996: 'itoa': The POSIX name for this item is deprecated. Instead, use the ISO C and C++ conformant name: _itoa. See online help for details.
  c:\program files (x86)\windows kits\10\include\10.0.15063.0\ucrt\stdlib.h(1334): note: Siehe Deklaration von "itoa"
c:\users\kalckhop\documents\hs21 unterlagen pk\2. semester\informatik 1\studienleistung inf1 - kopie\studienleistung inf1\funcsnstructs.cpp(426): warning C4996: 'strcpy': This function or variable may be unsafe. Consider using strcpy_s instead. To disable deprecation, use _CRT_SECURE_NO_WARNINGS. See online help for details.
  c:\program files (x86)\windows kits\10\include\10.0.15063.0\ucrt\string.h(136): note: Siehe Deklaration von "strcpy"
c:\users\kalckhop\documents\hs21 unterlagen pk\2. semester\informatik 1\studienleistung inf1 - kopie\studienleistung inf1\funcsnstructs.cpp(427): warning C4996: 'strcat': This function or variable may be unsafe. Consider using strcat_s instead. To disable deprecation, use _CRT_SECURE_NO_WARNINGS. See online help for details.
  c:\program files (x86)\windows kits\10\include\10.0.15063.0\ucrt\string.h(93): note: Siehe Deklaration von "strcat"
c:\users\kalckhop\documents\hs21 unterlagen pk\2. semester\informatik 1\studienleistung inf1 - kopie\studienleistung inf1\funcsnstructs.cpp(428): warning C4996: 'strcat': This function or variable may be unsafe. Consider using strcat_s instead. To disable deprecation, use _CRT_SECURE_NO_WARNINGS. See online help for details.
  c:\program files (x86)\windows kits\10\include\10.0.15063.0\ucrt\string.h(93): note: Siehe Deklaration von "strcat"
c:\users\kalckhop\documents\hs21 unterlagen pk\2. semester\informatik 1\studienleistung inf1 - kopie\studienleistung inf1\funcsnstructs.cpp(429): warning C4996: 'strcpy': This function or variable may be unsafe. Consider using strcpy_s instead. To disable deprecation, use _CRT_SECURE_NO_WARNINGS. See online help for details.
  c:\program files (x86)\windows kits\10\include\10.0.15063.0\ucrt\string.h(136): note: Siehe Deklaration von "strcpy"
c:\users\kalckhop\documents\hs21 unterlagen pk\2. semester\informatik 1\studienleistung inf1 - kopie\studienleistung inf1\funcsnstructs.cpp(435): warning C4996: 'scanf': This function or variable may be unsafe. Consider using scanf_s instead. To disable deprecation, use _CRT_SECURE_NO_WARNINGS. See online help for details.
  c:\program files (x86)\windows kits\10\include\10.0.15063.0\ucrt\stdio.h(1272): note: Siehe Deklaration von "scanf"
c:\users\kalckhop\documents\hs21 unterlagen pk\2. semester\informatik 1\studienleistung inf1 - kopie\studienleistung inf1\funcsnstructs.cpp(443): warning C4996: 'strcpy': This function or variable may be unsafe. Consider using strcpy_s instead. To disable deprecation, use _CRT_SECURE_NO_WARNINGS. See online help for details.
  c:\program files (x86)\windows kits\10\include\10.0.15063.0\ucrt\string.h(136): note: Siehe Deklaration von "strcpy"
c:\users\kalckhop\documents\hs21 unterlagen pk\2. semester\informatik 1\studienleistung inf1 - kopie\studienleistung inf1\funcsnstructs.cpp(452): warning C4996: 'scanf': This function or variable may be unsafe. Consider using scanf_s instead. To disable deprecation, use _CRT_SECURE_NO_WARNINGS. See online help for details.
  c:\program files (x86)\windows kits\10\include\10.0.15063.0\ucrt\stdio.h(1272): note: Siehe Deklaration von "scanf"
c:\users\kalckhop\documents\hs21 unterlagen pk\2. semester\informatik 1\studienleistung inf1 - kopie\studienleistung inf1\funcsnstructs.cpp(460): warning C4996: 'strcpy': This function or variable may be unsafe. Consider using strcpy_s instead. To disable deprecation, use _CRT_SECURE_NO_WARNINGS. See online help for details.
  c:\program files (x86)\windows kits\10\include\10.0.15063.0\ucrt\string.h(136): note: Siehe Deklaration von "strcpy"
c:\users\kalckhop\documents\hs21 unterlagen pk\2. semester\informatik 1\studienleistung inf1 - kopie\studienleistung inf1\funcsnstructs.cpp(469): warning C4996: 'scanf': This function or variable may be unsafe. Consider using scanf_s instead. To disable deprecation, use _CRT_SECURE_NO_WARNINGS. See online help for details.
  c:\program files (x86)\windows kits\10\include\10.0.15063.0\ucrt\stdio.h(1272): note: Siehe Deklaration von "scanf"
c:\users\kalckhop\documents\hs21 unterlagen pk\2. semester\informatik 1\studienleistung inf1 - kopie\studienleistung inf1\funcsnstructs.cpp(485): warning C4996: 'scanf': This function or variable may be unsafe. Consider using scanf_s instead. To disable deprecation, use _CRT_SECURE_NO_WARNINGS. See online help for details.
  c:\program files (x86)\windows kits\10\include\10.0.15063.0\ucrt\stdio.h(1272): note: Siehe Deklaration von "scanf"
c:\users\kalckhop\documents\hs21 unterlagen pk\2. semester\informatik 1\studienleistung inf1 - kopie\studienleistung inf1\funcsnstructs.cpp(493): warning C4996: 'strcpy': This function or variable may be unsafe. Consider using strcpy_s instead. To disable deprecation, use _CRT_SECURE_NO_WARNINGS. See online help for details.
  c:\program files (x86)\windows kits\10\include\10.0.15063.0\ucrt\string.h(136): note: Siehe Deklaration von "strcpy"
c:\users\kalckhop\documents\hs21 unterlagen pk\2. semester\informatik 1\studienleistung inf1 - kopie\studienleistung inf1\funcsnstructs.cpp(503): warning C4996: 'scanf': This function or variable may be unsafe. Consider using scanf_s instead. To disable deprecation, use _CRT_SECURE_NO_WARNINGS. See online help for details.
  c:\program files (x86)\windows kits\10\include\10.0.15063.0\ucrt\stdio.h(1272): note: Siehe Deklaration von "scanf"
c:\users\kalckhop\documents\hs21 unterlagen pk\2. semester\informatik 1\studienleistung inf1 - kopie\studienleistung inf1\funcsnstructs.cpp(511): warning C4996: 'strcpy': This function or variable may be unsafe. Consider using strcpy_s instead. To disable deprecation, use _CRT_SECURE_NO_WARNINGS. See online help for details.
  c:\program files (x86)\windows kits\10\include\10.0.15063.0\ucrt\string.h(136): note: Siehe Deklaration von "strcpy"
c:\users\kalckhop\documents\hs21 unterlagen pk\2. semester\informatik 1\studienleistung inf1 - kopie\studienleistung inf1\funcsnstructs.cpp(520): warning C4996: 'scanf': This function or variable may be unsafe. Consider using scanf_s instead. To disable deprecation, use _CRT_SECURE_NO_WARNINGS. See online help for details.
  c:\program files (x86)\windows kits\10\include\10.0.15063.0\ucrt\stdio.h(1272): note: Siehe Deklaration von "scanf"
c:\users\kalckhop\documents\hs21 unterlagen pk\2. semester\informatik 1\studienleistung inf1 - kopie\studienleistung inf1\funcsnstructs.cpp(528): warning C4996: 'strcpy': This function or variable may be unsafe. Consider using strcpy_s instead. To disable deprecation, use _CRT_SECURE_NO_WARNINGS. See online help for details.
  c:\program files (x86)\windows kits\10\include\10.0.15063.0\ucrt\string.h(136): note: Siehe Deklaration von "strcpy"
c:\users\kalckhop\documents\hs21 unterlagen pk\2. semester\informatik 1\studienleistung inf1 - kopie\studienleistung inf1\funcsnstructs.cpp(535): warning C4996: 'strcpy': This function or variable may be unsafe. Consider using strcpy_s instead. To disable deprecation, use _CRT_SECURE_NO_WARNINGS. See online help for details.
  c:\program files (x86)\windows kits\10\include\10.0.15063.0\ucrt\string.h(136): note: Siehe Deklaration von "strcpy"
c:\users\kalckhop\documents\hs21 unterlagen pk\2. semester\informatik 1\studienleistung inf1 - kopie\studienleistung inf1\funcsnstructs.cpp(536): warning C4996: 'strcat': This function or variable may be unsafe. Consider using strcat_s instead. To disable deprecation, use _CRT_SECURE_NO_WARNINGS. See online help for details.
  c:\program files (x86)\windows kits\10\include\10.0.15063.0\ucrt\string.h(93): note: Siehe Deklaration von "strcat"
c:\users\kalckhop\documents\hs21 unterlagen pk\2. semester\informatik 1\studienleistung inf1 - kopie\studienleistung inf1\funcsnstructs.cpp(537): warning C4996: 'strcat': This function or variable may be unsafe. Consider using strcat_s instead. To disable deprecation, use _CRT_SECURE_NO_WARNINGS. See online help for details.
  c:\program files (x86)\windows kits\10\include\10.0.15063.0\ucrt\string.h(93): note: Siehe Deklaration von "strcat"
c:\users\kalckhop\documents\hs21 unterlagen pk\2. semester\informatik 1\studienleistung inf1 - kopie\studienleistung inf1\funcsnstructs.cpp(538): warning C4996: 'strcat': This function or variable may be unsafe. Consider using strcat_s instead. To disable deprecation, use _CRT_SECURE_NO_WARNINGS. See online help for details.
  c:\program files (x86)\windows kits\10\include\10.0.15063.0\ucrt\string.h(93): note: Siehe Deklaration von "strcat"
c:\users\kalckhop\documents\hs21 unterlagen pk\2. semester\informatik 1\studienleistung inf1 - kopie\studienleistung inf1\funcsnstructs.cpp(541): warning C4996: 'strcpy': This function or variable may be unsafe. Consider using strcpy_s instead. To disable deprecation, use _CRT_SECURE_NO_WARNINGS. See online help for details.
  c:\program files (x86)\windows kits\10\include\10.0.15063.0\ucrt\string.h(136): note: Siehe Deklaration von "strcpy"
c:\users\kalckhop\documents\hs21 unterlagen pk\2. semester\informatik 1\studienleistung inf1 - kopie\studienleistung inf1\funcsnstructs.cpp(591): warning C4996: 'scanf': This function or variable may be unsafe. Consider using scanf_s instead. To disable deprecation, use _CRT_SECURE_NO_WARNINGS. See online help for details.
  c:\program files (x86)\windows kits\10\include\10.0.15063.0\ucrt\stdio.h(1272): note: Siehe Deklaration von "scanf"
c:\users\kalckhop\documents\hs21 unterlagen pk\2. semester\informatik 1\studienleistung inf1 - kopie\studienleistung inf1\funcsnstructs.cpp(599): warning C4996: 'strcpy': This function or variable may be unsafe. Consider using strcpy_s instead. To disable deprecation, use _CRT_SECURE_NO_WARNINGS. See online help for details.
  c:\program files (x86)\windows kits\10\include\10.0.15063.0\ucrt\string.h(136): note: Siehe Deklaration von "strcpy"
c:\users\kalckhop\documents\hs21 unterlagen pk\2. semester\informatik 1\studienleistung inf1 - kopie\studienleistung inf1\funcsnstructs.cpp(609): warning C4996: 'scanf': This function or variable may be unsafe. Consider using scanf_s instead. To disable deprecation, use _CRT_SECURE_NO_WARNINGS. See online help for details.
  c:\program files (x86)\windows kits\10\include\10.0.15063.0\ucrt\stdio.h(1272): note: Siehe Deklaration von "scanf"
c:\users\kalckhop\documents\hs21 unterlagen pk\2. semester\informatik 1\studienleistung inf1 - kopie\studienleistung inf1\funcsnstructs.cpp(617): warning C4996: 'strcpy': This function or variable may be unsafe. Consider using strcpy_s instead. To disable deprecation, use _CRT_SECURE_NO_WARNINGS. See online help for details.
  c:\program files (x86)\windows kits\10\include\10.0.15063.0\ucrt\string.h(136): note: Siehe Deklaration von "strcpy"
c:\users\kalckhop\documents\hs21 unterlagen pk\2. semester\informatik 1\studienleistung inf1 - kopie\studienleistung inf1\funcsnstructs.cpp(626): warning C4996: 'scanf': This function or variable may be unsafe. Consider using scanf_s instead. To disable deprecation, use _CRT_SECURE_NO_WARNINGS. See online help for details.
  c:\program files (x86)\windows kits\10\include\10.0.15063.0\ucrt\stdio.h(1272): note: Siehe Deklaration von "scanf"
c:\users\kalckhop\documents\hs21 unterlagen pk\2. semester\informatik 1\studienleistung inf1 - kopie\studienleistung inf1\funcsnstructs.cpp(634): warning C4996: 'strcpy': This function or variable may be unsafe. Consider using strcpy_s instead. To disable deprecation, use _CRT_SECURE_NO_WARNINGS. See online help for details.
  c:\program files (x86)\windows kits\10\include\10.0.15063.0\ucrt\string.h(136): note: Siehe Deklaration von "strcpy"
c:\users\kalckhop\documents\hs21 unterlagen pk\2. semester\informatik 1\studienleistung inf1 - kopie\studienleistung inf1\funcsnstructs.cpp(643): warning C4996: 'scanf': This function or variable may be unsafe. Consider using scanf_s instead. To disable deprecation, use _CRT_SECURE_NO_WARNINGS. See online help for details.
  c:\program files (x86)\windows kits\10\include\10.0.15063.0\ucrt\stdio.h(1272): note: Siehe Deklaration von "scanf"
c:\users\kalckhop\documents\hs21 unterlagen pk\2. semester\informatik 1\studienleistung inf1 - kopie\studienleistung inf1\funcsnstructs.cpp(659): warning C4996: 'scanf': This function or variable may be unsafe. Consider using scanf_s instead. To disable deprecation, use _CRT_SECURE_NO_WARNINGS. See online help for details.
  c:\program files (x86)\windows kits\10\include\10.0.15063.0\ucrt\stdio.h(1272): note: Siehe Deklaration von "scanf"
c:\users\kalckhop\documents\hs21 unterlagen pk\2. semester\informatik 1\studienleistung inf1 - kopie\studienleistung inf1\funcsnstructs.cpp(667): warning C4996: 'strcpy': This function or variable may be unsafe. Consider using strcpy_s instead. To disable deprecation, use _CRT_SECURE_NO_WARNINGS. See online help for details.
  c:\program files (x86)\windows kits\10\include\10.0.15063.0\ucrt\string.h(136): note: Siehe Deklaration von "strcpy"
c:\users\kalckhop\documents\hs21 unterlagen pk\2. semester\informatik 1\studienleistung inf1 - kopie\studienleistung inf1\funcsnstructs.cpp(677): warning C4996: 'scanf': This function or variable may be unsafe. Consider using scanf_s instead. To disable deprecation, use _CRT_SECURE_NO_WARNINGS. See online help for details.
  c:\program files (x86)\windows kits\10\include\10.0.15063.0\ucrt\stdio.h(1272): note: Siehe Deklaration von "scanf"
c:\users\kalckhop\documents\hs21 unterlagen pk\2. semester\informatik 1\studienleistung inf1 - kopie\studienleistung inf1\funcsnstructs.cpp(685): warning C4996: 'strcpy': This function or variable may be unsafe. Consider using strcpy_s instead. To disable deprecation, use _CRT_SECURE_NO_WARNINGS. See online help for details.
  c:\program files (x86)\windows kits\10\include\10.0.15063.0\ucrt\string.h(136): note: Siehe Deklaration von "strcpy"
c:\users\kalckhop\documents\hs21 unterlagen pk\2. semester\informatik 1\studienleistung inf1 - kopie\studienleistung inf1\funcsnstructs.cpp(753): warning C4996: 'scanf': This function or variable may be unsafe. Consider using scanf_s instead. To disable deprecation, use _CRT_SECURE_NO_WARNINGS. See online help for details.
  c:\program files (x86)\windows kits\10\include\10.0.15063.0\ucrt\stdio.h(1272): note: Siehe Deklaration von "scanf"
c:\users\kalckhop\documents\hs21 unterlagen pk\2. semester\informatik 1\studienleistung inf1 - kopie\studienleistung inf1\funcsnstructs.cpp(1076): warning C4996: 'scanf': This function or variable may be unsafe. Consider using scanf_s instead. To disable deprecation, use _CRT_SECURE_NO_WARNINGS. See online help for details.
  c:\program files (x86)\windows kits\10\include\10.0.15063.0\ucrt\stdio.h(1272): note: Siehe Deklaration von "scanf"
c:\users\kalckhop\documents\hs21 unterlagen pk\2. semester\informatik 1\studienleistung inf1 - kopie\studienleistung inf1\funcsnstructs.cpp(1084): warning C4996: 'strcpy': This function or variable may be unsafe. Consider using strcpy_s instead. To disable deprecation, use _CRT_SECURE_NO_WARNINGS. See online help for details.
  c:\program files (x86)\windows kits\10\include\10.0.15063.0\ucrt\string.h(136): note: Siehe Deklaration von "strcpy"
c:\users\kalckhop\documents\hs21 unterlagen pk\2. semester\informatik 1\studienleistung inf1 - kopie\studienleistung inf1\funcsnstructs.cpp(1085): warning C4996: 'strcpy': This function or variable may be unsafe. Consider using strcpy_s instead. To disable deprecation, use _CRT_SECURE_NO_WARNINGS. See online help for details.
  c:\program files (x86)\windows kits\10\include\10.0.15063.0\ucrt\string.h(136): note: Siehe Deklaration von "strcpy"
c:\users\kalckhop\documents\hs21 unterlagen pk\2. semester\informatik 1\studienleistung inf1 - kopie\studienleistung inf1\funcsnstructs.cpp(1095): warning C4996: 'scanf': This function or variable may be unsafe. Consider using scanf_s instead. To disable deprecation, use _CRT_SECURE_NO_WARNINGS. See online help for details.
  c:\program files (x86)\windows kits\10\include\10.0.15063.0\ucrt\stdio.h(1272): note: Siehe Deklaration von "scanf"
c:\users\kalckhop\documents\hs21 unterlagen pk\2. semester\informatik 1\studienleistung inf1 - kopie\studienleistung inf1\funcsnstructs.cpp(1103): warning C4996: 'strcpy': This function or variable may be unsafe. Consider using strcpy_s instead. To disable deprecation, use _CRT_SECURE_NO_WARNINGS. See online help for details.
  c:\program files (x86)\windows kits\10\include\10.0.15063.0\ucrt\string.h(136): note: Siehe Deklaration von "strcpy"
c:\users\kalckhop\documents\hs21 unterlagen pk\2. semester\informatik 1\studienleistung inf1 - kopie\studienleistung inf1\funcsnstructs.cpp(1104): warning C4996: 'strcpy': This function or variable may be unsafe. Consider using strcpy_s instead. To disable deprecation, use _CRT_SECURE_NO_WARNINGS. See online help for details.
  c:\program files (x86)\windows kits\10\include\10.0.15063.0\ucrt\string.h(136): note: Siehe Deklaration von "strcpy"
c:\users\kalckhop\documents\hs21 unterlagen pk\2. semester\informatik 1\studienleistung inf1 - kopie\studienleistung inf1\funcsnstructs.cpp(1114): warning C4996: 'scanf': This function or variable may be unsafe. Consider using scanf_s instead. To disable deprecation, use _CRT_SECURE_NO_WARNINGS. See online help for details.
  c:\program files (x86)\windows kits\10\include\10.0.15063.0\ucrt\stdio.h(1272): note: Siehe Deklaration von "scanf"
c:\users\kalckhop\documents\hs21 unterlagen pk\2. semester\informatik 1\studienleistung inf1 - kopie\studienleistung inf1\funcsnstructs.cpp(1131): warning C4996: 'scanf': This function or variable may be unsafe. Consider using scanf_s instead. To disable deprecation, use _CRT_SECURE_NO_WARNINGS. See online help for details.
  c:\program files (x86)\windows kits\10\include\10.0.15063.0\ucrt\stdio.h(1272): note: Siehe Deklaration von "scanf"
c:\users\kalckhop\documents\hs21 unterlagen pk\2. semester\informatik 1\studienleistung inf1 - kopie\studienleistung inf1\funcsnstructs.cpp(1145): warning C4996: 'itoa': The POSIX name for this item is deprecated. Instead, use the ISO C and C++ conformant name: _itoa. See online help for details.
  c:\program files (x86)\windows kits\10\include\10.0.15063.0\ucrt\stdlib.h(1334): note: Siehe Deklaration von "itoa"
c:\users\kalckhop\documents\hs21 unterlagen pk\2. semester\informatik 1\studienleistung inf1 - kopie\studienleistung inf1\funcsnstructs.cpp(1146): warning C4996: 'itoa': The POSIX name for this item is deprecated. Instead, use the ISO C and C++ conformant name: _itoa. See online help for details.
  c:\program files (x86)\windows kits\10\include\10.0.15063.0\ucrt\stdlib.h(1334): note: Siehe Deklaration von "itoa"
c:\users\kalckhop\documents\hs21 unterlagen pk\2. semester\informatik 1\studienleistung inf1 - kopie\studienleistung inf1\funcsnstructs.cpp(1147): warning C4996: 'strcpy': This function or variable may be unsafe. Consider using strcpy_s instead. To disable deprecation, use _CRT_SECURE_NO_WARNINGS. See online help for details.
  c:\program files (x86)\windows kits\10\include\10.0.15063.0\ucrt\string.h(136): note: Siehe Deklaration von "strcpy"
c:\users\kalckhop\documents\hs21 unterlagen pk\2. semester\informatik 1\studienleistung inf1 - kopie\studienleistung inf1\funcsnstructs.cpp(1148): warning C4996: 'strcat': This function or variable may be unsafe. Consider using strcat_s instead. To disable deprecation, use _CRT_SECURE_NO_WARNINGS. See online help for details.
  c:\program files (x86)\windows kits\10\include\10.0.15063.0\ucrt\string.h(93): note: Siehe Deklaration von "strcat"
c:\users\kalckhop\documents\hs21 unterlagen pk\2. semester\informatik 1\studienleistung inf1 - kopie\studienleistung inf1\funcsnstructs.cpp(1149): warning C4996: 'strcat': This function or variable may be unsafe. Consider using strcat_s instead. To disable deprecation, use _CRT_SECURE_NO_WARNINGS. See online help for details.
  c:\program files (x86)\windows kits\10\include\10.0.15063.0\ucrt\string.h(93): note: Siehe Deklaration von "strcat"
c:\users\kalckhop\documents\hs21 unterlagen pk\2. semester\informatik 1\studienleistung inf1 - kopie\studienleistung inf1\funcsnstructs.cpp(1150): warning C4996: 'strcpy': This function or variable may be unsafe. Consider using strcpy_s instead. To disable deprecation, use _CRT_SECURE_NO_WARNINGS. See online help for details.
  c:\program files (x86)\windows kits\10\include\10.0.15063.0\ucrt\string.h(136): note: Siehe Deklaration von "strcpy"
c:\users\kalckhop\documents\hs21 unterlagen pk\2. semester\informatik 1\studienleistung inf1 - kopie\studienleistung inf1\funcsnstructs.cpp(1156): warning C4996: 'scanf': This function or variable may be unsafe. Consider using scanf_s instead. To disable deprecation, use _CRT_SECURE_NO_WARNINGS. See online help for details.
  c:\program files (x86)\windows kits\10\include\10.0.15063.0\ucrt\stdio.h(1272): note: Siehe Deklaration von "scanf"
c:\users\kalckhop\documents\hs21 unterlagen pk\2. semester\informatik 1\studienleistung inf1 - kopie\studienleistung inf1\funcsnstructs.cpp(1164): warning C4996: 'strcpy': This function or variable may be unsafe. Consider using strcpy_s instead. To disable deprecation, use _CRT_SECURE_NO_WARNINGS. See online help for details.
  c:\program files (x86)\windows kits\10\include\10.0.15063.0\ucrt\string.h(136): note: Siehe Deklaration von "strcpy"
c:\users\kalckhop\documents\hs21 unterlagen pk\2. semester\informatik 1\studienleistung inf1 - kopie\studienleistung inf1\funcsnstructs.cpp(1173): warning C4996: 'scanf': This function or variable may be unsafe. Consider using scanf_s instead. To disable deprecation, use _CRT_SECURE_NO_WARNINGS. See online help for details.
  c:\program files (x86)\windows kits\10\include\10.0.15063.0\ucrt\stdio.h(1272): note: Siehe Deklaration von "scanf"
c:\users\kalckhop\documents\hs21 unterlagen pk\2. semester\informatik 1\studienleistung inf1 - kopie\studienleistung inf1\funcsnstructs.cpp(1181): warning C4996: 'strcpy': This function or variable may be unsafe. Consider using strcpy_s instead. To disable deprecation, use _CRT_SECURE_NO_WARNINGS. See online help for details.
  c:\program files (x86)\windows kits\10\include\10.0.15063.0\ucrt\string.h(136): note: Siehe Deklaration von "strcpy"
c:\users\kalckhop\documents\hs21 unterlagen pk\2. semester\informatik 1\studienleistung inf1 - kopie\studienleistung inf1\funcsnstructs.cpp(1190): warning C4996: 'scanf': This function or variable may be unsafe. Consider using scanf_s instead. To disable deprecation, use _CRT_SECURE_NO_WARNINGS. See online help for details.
  c:\program files (x86)\windows kits\10\include\10.0.15063.0\ucrt\stdio.h(1272): note: Siehe Deklaration von "scanf"
c:\users\kalckhop\documents\hs21 unterlagen pk\2. semester\informatik 1\studienleistung inf1 - kopie\studienleistung inf1\funcsnstructs.cpp(1206): warning C4996: 'scanf': This function or variable may be unsafe. Consider using scanf_s instead. To disable deprecation, use _CRT_SECURE_NO_WARNINGS. See online help for details.
  c:\program files (x86)\windows kits\10\include\10.0.15063.0\ucrt\stdio.h(1272): note: Siehe Deklaration von "scanf"
c:\users\kalckhop\documents\hs21 unterlagen pk\2. semester\informatik 1\studienleistung inf1 - kopie\studienleistung inf1\funcsnstructs.cpp(1214): warning C4996: 'strcpy': This function or variable may be unsafe. Consider using strcpy_s instead. To disable deprecation, use _CRT_SECURE_NO_WARNINGS. See online help for details.
  c:\program files (x86)\windows kits\10\include\10.0.15063.0\ucrt\string.h(136): note: Siehe Deklaration von "strcpy"
c:\users\kalckhop\documents\hs21 unterlagen pk\2. semester\informatik 1\studienleistung inf1 - kopie\studienleistung inf1\funcsnstructs.cpp(1224): warning C4996: 'scanf': This function or variable may be unsafe. Consider using scanf_s instead. To disable deprecation, use _CRT_SECURE_NO_WARNINGS. See online help for details.
  c:\program files (x86)\windows kits\10\include\10.0.15063.0\ucrt\stdio.h(1272): note: Siehe Deklaration von "scanf"
c:\users\kalckhop\documents\hs21 unterlagen pk\2. semester\informatik 1\studienleistung inf1 - kopie\studienleistung inf1\funcsnstructs.cpp(1232): warning C4996: 'strcpy': This function or variable may be unsafe. Consider using strcpy_s instead. To disable deprecation, use _CRT_SECURE_NO_WARNINGS. See online help for details.
  c:\program files (x86)\windows kits\10\include\10.0.15063.0\ucrt\string.h(136): note: Siehe Deklaration von "strcpy"
c:\users\kalckhop\documents\hs21 unterlagen pk\2. semester\informatik 1\studienleistung inf1 - kopie\studienleistung inf1\funcsnstructs.cpp(1233): warning C4996: 'strcpy': This function or variable may be unsafe. Consider using strcpy_s instead. To disable deprecation, use _CRT_SECURE_NO_WARNINGS. See online help for details.
  c:\program files (x86)\windows kits\10\include\10.0.15063.0\ucrt\string.h(136): note: Siehe Deklaration von "strcpy"
c:\users\kalckhop\documents\hs21 unterlagen pk\2. semester\informatik 1\studienleistung inf1 - kopie\studienleistung inf1\funcsnstructs.cpp(1242): warning C4996: 'scanf': This function or variable may be unsafe. Consider using scanf_s instead. To disable deprecation, use _CRT_SECURE_NO_WARNINGS. See online help for details.
  c:\program files (x86)\windows kits\10\include\10.0.15063.0\ucrt\stdio.h(1272): note: Siehe Deklaration von "scanf"
c:\users\kalckhop\documents\hs21 unterlagen pk\2. semester\informatik 1\studienleistung inf1 - kopie\studienleistung inf1\funcsnstructs.cpp(1250): warning C4996: 'strcpy': This function or variable may be unsafe. Consider using strcpy_s instead. To disable deprecation, use _CRT_SECURE_NO_WARNINGS. See online help for details.
  c:\program files (x86)\windows kits\10\include\10.0.15063.0\ucrt\string.h(136): note: Siehe Deklaration von "strcpy"
c:\users\kalckhop\documents\hs21 unterlagen pk\2. semester\informatik 1\studienleistung inf1 - kopie\studienleistung inf1\funcsnstructs.cpp(1251): warning C4996: 'strcpy': This function or variable may be unsafe. Consider using strcpy_s instead. To disable deprecation, use _CRT_SECURE_NO_WARNINGS. See online help for details.
  c:\program files (x86)\windows kits\10\include\10.0.15063.0\ucrt\string.h(136): note: Siehe Deklaration von "strcpy"
c:\users\kalckhop\documents\hs21 unterlagen pk\2. semester\informatik 1\studienleistung inf1 - kopie\studienleistung inf1\funcsnstructs.cpp(1258): warning C4996: 'strcpy': This function or variable may be unsafe. Consider using strcpy_s instead. To disable deprecation, use _CRT_SECURE_NO_WARNINGS. See online help for details.
  c:\program files (x86)\windows kits\10\include\10.0.15063.0\ucrt\string.h(136): note: Siehe Deklaration von "strcpy"
c:\users\kalckhop\documents\hs21 unterlagen pk\2. semester\informatik 1\studienleistung inf1 - kopie\studienleistung inf1\funcsnstructs.cpp(1259): warning C4996: 'strcat': This function or variable may be unsafe. Consider using strcat_s instead. To disable deprecation, use _CRT_SECURE_NO_WARNINGS. See online help for details.
  c:\program files (x86)\windows kits\10\include\10.0.15063.0\ucrt\string.h(93): note: Siehe Deklaration von "strcat"
c:\users\kalckhop\documents\hs21 unterlagen pk\2. semester\informatik 1\studienleistung inf1 - kopie\studienleistung inf1\funcsnstructs.cpp(1260): warning C4996: 'strcat': This function or variable may be unsafe. Consider using strcat_s instead. To disable deprecation, use _CRT_SECURE_NO_WARNINGS. See online help for details.
  c:\program files (x86)\windows kits\10\include\10.0.15063.0\ucrt\string.h(93): note: Siehe Deklaration von "strcat"
c:\users\kalckhop\documents\hs21 unterlagen pk\2. semester\informatik 1\studienleistung inf1 - kopie\studienleistung inf1\funcsnstructs.cpp(1261): warning C4996: 'strcat': This function or variable may be unsafe. Consider using strcat_s instead. To disable deprecation, use _CRT_SECURE_NO_WARNINGS. See online help for details.
  c:\program files (x86)\windows kits\10\include\10.0.15063.0\ucrt\string.h(93): note: Siehe Deklaration von "strcat"
c:\users\kalckhop\documents\hs21 unterlagen pk\2. semester\informatik 1\studienleistung inf1 - kopie\studienleistung inf1\funcsnstructs.cpp(1264): warning C4996: 'strcpy': This function or variable may be unsafe. Consider using strcpy_s instead. To disable deprecation, use _CRT_SECURE_NO_WARNINGS. See online help for details.
  c:\program files (x86)\windows kits\10\include\10.0.15063.0\ucrt\string.h(136): note: Siehe Deklaration von "strcpy"
c:\users\kalckhop\documents\hs21 unterlagen pk\2. semester\informatik 1\studienleistung inf1 - kopie\studienleistung inf1\funcsnstructs.cpp(1265): warning C4996: 'strcpy': This function or variable may be unsafe. Consider using strcpy_s instead. To disable deprecation, use _CRT_SECURE_NO_WARNINGS. See online help for details.
  c:\program files (x86)\windows kits\10\include\10.0.15063.0\ucrt\string.h(136): note: Siehe Deklaration von "strcpy"
c:\users\kalckhop\documents\hs21 unterlagen pk\2. semester\informatik 1\studienleistung inf1 - kopie\studienleistung inf1\funcsnstructs.cpp(721): warning C4101: "auswahl2": Unreferenzierte lokale Variable
c:\users\kalckhop\documents\hs21 unterlagen pk\2. semester\informatik 1\studienleistung inf1 - kopie\studienleistung inf1\funcsnstructs.cpp(1291): warning C4996: 'fopen': This function or variable may be unsafe. Consider using fopen_s instead. To disable deprecation, use _CRT_SECURE_NO_WARNINGS. See online help for details.
  c:\program files (x86)\windows kits\10\include\10.0.15063.0\ucrt\stdio.h(207): note: Siehe Deklaration von "fopen"
c:\users\kalckhop\documents\hs21 unterlagen pk\2. semester\informatik 1\studienleistung inf1 - kopie\studienleistung inf1\funcsnstructs.cpp(1292): warning C4996: 'fopen': This function or variable may be unsafe. Consider using fopen_s instead. To disable deprecation, use _CRT_SECURE_NO_WARNINGS. See online help for details.
  c:\program files (x86)\windows kits\10\include\10.0.15063.0\ucrt\stdio.h(207): note: Siehe Deklaration von "fopen"
c:\users\kalckhop\documents\hs21 unterlagen pk\2. semester\informatik 1\studienleistung inf1 - kopie\studienleistung inf1\funcsnstructs.cpp(1293): warning C4996: 'fopen': This function or variable may be unsafe. Consider using fopen_s instead. To disable deprecation, use _CRT_SECURE_NO_WARNINGS. See online help for details.
  c:\program files (x86)\windows kits\10\include\10.0.15063.0\ucrt\stdio.h(207): note: Siehe Deklaration von "fopen"
c:\users\kalckhop\documents\hs21 unterlagen pk\2. semester\informatik 1\studienleistung inf1 - kopie\studienleistung inf1\funcsnstructs.cpp(1294): warning C4996: 'fopen': This function or variable may be unsafe. Consider using fopen_s instead. To disable deprecation, use _CRT_SECURE_NO_WARNINGS. See online help for details.
  c:\program files (x86)\windows kits\10\include\10.0.15063.0\ucrt\stdio.h(207): note: Siehe Deklaration von "fopen"
c:\users\kalckhop\documents\hs21 unterlagen pk\2. semester\informatik 1\studienleistung inf1 - kopie\studienleistung inf1\funcsnstructs.cpp(1316): warning C4996: 'scanf': This function or variable may be unsafe. Consider using scanf_s instead. To disable deprecation, use _CRT_SECURE_NO_WARNINGS. See online help for details.
  c:\program files (x86)\windows kits\10\include\10.0.15063.0\ucrt\stdio.h(1272): note: Siehe Deklaration von "scanf"
c:\users\kalckhop\documents\hs21 unterlagen pk\2. semester\informatik 1\studienleistung inf1 - kopie\studienleistung inf1\funcsnstructs.cpp(1365): warning C4996: 'scanf': This function or variable may be unsafe. Consider using scanf_s instead. To disable deprecation, use _CRT_SECURE_NO_WARNINGS. See online help for details.
  c:\program files (x86)\windows kits\10\include\10.0.15063.0\ucrt\stdio.h(1272): note: Siehe Deklaration von "scanf"
c:\users\kalckhop\documents\hs21 unterlagen pk\2. semester\informatik 1\studienleistung inf1 - kopie\studienleistung inf1\funcsnstructs.cpp(1371): warning C4996: 'scanf': This function or variable may be unsafe. Consider using scanf_s instead. To disable deprecation, use _CRT_SECURE_NO_WARNINGS. See online help for details.
  c:\program files (x86)\windows kits\10\include\10.0.15063.0\ucrt\stdio.h(1272): note: Siehe Deklaration von "scanf"
c:\users\kalckhop\documents\hs21 unterlagen pk\2. semester\informatik 1\studienleistung inf1 - kopie\studienleistung inf1\funcsnstructs.cpp(1396): warning C4996: 'scanf': This function or variable may be unsafe. Consider using scanf_s instead. To disable deprecation, use _CRT_SECURE_NO_WARNINGS. See online help for details.
  c:\program files (x86)\windows kits\10\include\10.0.15063.0\ucrt\stdio.h(1272): note: Siehe Deklaration von "scanf"
c:\users\kalckhop\documents\hs21 unterlagen pk\2. semester\informatik 1\studienleistung inf1 - kopie\studienleistung inf1\funcsnstructs.cpp(1410): warning C4996: 'strcpy': This function or variable may be unsafe. Consider using strcpy_s instead. To disable deprecation, use _CRT_SECURE_NO_WARNINGS. See online help for details.
  c:\program files (x86)\windows kits\10\include\10.0.15063.0\ucrt\string.h(136): note: Siehe Deklaration von "strcpy"
c:\users\kalckhop\documents\hs21 unterlagen pk\2. semester\informatik 1\studienleistung inf1 - kopie\studienleistung inf1\funcsnstructs.cpp(1411): warning C4996: 'strcpy': This function or variable may be unsafe. Consider using strcpy_s instead. To disable deprecation, use _CRT_SECURE_NO_WARNINGS. See online help for details.
  c:\program files (x86)\windows kits\10\include\10.0.15063.0\ucrt\string.h(136): note: Siehe Deklaration von "strcpy"
c:\users\kalckhop\documents\hs21 unterlagen pk\2. semester\informatik 1\studienleistung inf1 - kopie\studienleistung inf1\funcsnstructs.cpp(1412): warning C4996: 'strcpy': This function or variable may be unsafe. Consider using strcpy_s instead. To disable deprecation, use _CRT_SECURE_NO_WARNINGS. See online help for details.
  c:\program files (x86)\windows kits\10\include\10.0.15063.0\ucrt\string.h(136): note: Siehe Deklaration von "strcpy"
c:\users\kalckhop\documents\hs21 unterlagen pk\2. semester\informatik 1\studienleistung inf1 - kopie\studienleistung inf1\funcsnstructs.cpp(1413): warning C4996: 'strcpy': This function or variable may be unsafe. Consider using strcpy_s instead. To disable deprecation, use _CRT_SECURE_NO_WARNINGS. See online help for details.
  c:\program files (x86)\windows kits\10\include\10.0.15063.0\ucrt\string.h(136): note: Siehe Deklaration von "strcpy"
c:\users\kalckhop\documents\hs21 unterlagen pk\2. semester\informatik 1\studienleistung inf1 - kopie\studienleistung inf1\funcsnstructs.cpp(1415): warning C4996: 'strcpy': This function or variable may be unsafe. Consider using strcpy_s instead. To disable deprecation, use _CRT_SECURE_NO_WARNINGS. See online help for details.
  c:\program files (x86)\windows kits\10\include\10.0.15063.0\ucrt\string.h(136): note: Siehe Deklaration von "strcpy"
c:\users\kalckhop\documents\hs21 unterlagen pk\2. semester\informatik 1\studienleistung inf1 - kopie\studienleistung inf1\funcsnstructs.cpp(1416): warning C4996: 'strcpy': This function or variable may be unsafe. Consider using strcpy_s instead. To disable deprecation, use _CRT_SECURE_NO_WARNINGS. See online help for details.
  c:\program files (x86)\windows kits\10\include\10.0.15063.0\ucrt\string.h(136): note: Siehe Deklaration von "strcpy"
c:\users\kalckhop\documents\hs21 unterlagen pk\2. semester\informatik 1\studienleistung inf1 - kopie\studienleistung inf1\funcsnstructs.cpp(1417): warning C4996: 'strcpy': This function or variable may be unsafe. Consider using strcpy_s instead. To disable deprecation, use _CRT_SECURE_NO_WARNINGS. See online help for details.
  c:\program files (x86)\windows kits\10\include\10.0.15063.0\ucrt\string.h(136): note: Siehe Deklaration von "strcpy"
c:\users\kalckhop\documents\hs21 unterlagen pk\2. semester\informatik 1\studienleistung inf1 - kopie\studienleistung inf1\funcsnstructs.cpp(1418): warning C4996: 'strcpy': This function or variable may be unsafe. Consider using strcpy_s instead. To disable deprecation, use _CRT_SECURE_NO_WARNINGS. See online help for details.
  c:\program files (x86)\windows kits\10\include\10.0.15063.0\ucrt\string.h(136): note: Siehe Deklaration von "strcpy"
c:\users\kalckhop\documents\hs21 unterlagen pk\2. semester\informatik 1\studienleistung inf1 - kopie\studienleistung inf1\funcsnstructs.cpp(1419): warning C4996: 'strcpy': This function or variable may be unsafe. Consider using strcpy_s instead. To disable deprecation, use _CRT_SECURE_NO_WARNINGS. See online help for details.
  c:\program files (x86)\windows kits\10\include\10.0.15063.0\ucrt\string.h(136): note: Siehe Deklaration von "strcpy"
c:\users\kalckhop\documents\hs21 unterlagen pk\2. semester\informatik 1\studienleistung inf1 - kopie\studienleistung inf1\funcsnstructs.cpp(1468): warning C4996: 'scanf': This function or variable may be unsafe. Consider using scanf_s instead. To disable deprecation, use _CRT_SECURE_NO_WARNINGS. See online help for details.
  c:\program files (x86)\windows kits\10\include\10.0.15063.0\ucrt\stdio.h(1272): note: Siehe Deklaration von "scanf"
c:\users\kalckhop\documents\hs21 unterlagen pk\2. semester\informatik 1\studienleistung inf1 - kopie\studienleistung inf1\funcsnstructs.cpp(1515): warning C4996: 'scanf': This function or variable may be unsafe. Consider using scanf_s instead. To disable deprecation, use _CRT_SECURE_NO_WARNINGS. See online help for details.
  c:\program files (x86)\windows kits\10\include\10.0.15063.0\ucrt\stdio.h(1272): note: Siehe Deklaration von "scanf"
c:\users\kalckhop\documents\hs21 unterlagen pk\2. semester\informatik 1\studienleistung inf1 - kopie\studienleistung inf1\funcsnstructs.cpp(1521): warning C4996: 'scanf': This function or variable may be unsafe. Consider using scanf_s instead. To disable deprecation, use _CRT_SECURE_NO_WARNINGS. See online help for details.
  c:\program files (x86)\windows kits\10\include\10.0.15063.0\ucrt\stdio.h(1272): note: Siehe Deklaration von "scanf"
c:\users\kalckhop\documents\hs21 unterlagen pk\2. semester\informatik 1\studienleistung inf1 - kopie\studienleistung inf1\funcsnstructs.cpp(1557): warning C4996: 'scanf': This function or variable may be unsafe. Consider using scanf_s instead. To disable deprecation, use _CRT_SECURE_NO_WARNINGS. See online help for details.
  c:\program files (x86)\windows kits\10\include\10.0.15063.0\ucrt\stdio.h(1272): note: Siehe Deklaration von "scanf"
c:\users\kalckhop\documents\hs21 unterlagen pk\2. semester\informatik 1\studienleistung inf1 - kopie\studienleistung inf1\funcsnstructs.cpp(1595): warning C4996: 'scanf': This function or variable may be unsafe. Consider using scanf_s instead. To disable deprecation, use _CRT_SECURE_NO_WARNINGS. See online help for details.
  c:\program files (x86)\windows kits\10\include\10.0.15063.0\ucrt\stdio.h(1272): note: Siehe Deklaration von "scanf"
c:\users\kalckhop\documents\hs21 unterlagen pk\2. semester\informatik 1\studienleistung inf1 - kopie\studienleistung inf1\funcsnstructs.cpp(1601): warning C4996: 'scanf': This function or variable may be unsafe. Consider using scanf_s instead. To disable deprecation, use _CRT_SECURE_NO_WARNINGS. See online help for details.
  c:\program files (x86)\windows kits\10\include\10.0.15063.0\ucrt\stdio.h(1272): note: Siehe Deklaration von "scanf"
c:\users\kalckhop\documents\hs21 unterlagen pk\2. semester\informatik 1\studienleistung inf1 - kopie\studienleistung inf1\funcsnstructs.cpp(1629): warning C4996: 'scanf': This function or variable may be unsafe. Consider using scanf_s instead. To disable deprecation, use _CRT_SECURE_NO_WARNINGS. See online help for details.
  c:\program files (x86)\windows kits\10\include\10.0.15063.0\ucrt\stdio.h(1272): note: Siehe Deklaration von "scanf"
c:\users\kalckhop\documents\hs21 unterlagen pk\2. semester\informatik 1\studienleistung inf1 - kopie\studienleistung inf1\funcsnstructs.cpp(1653): warning C4996: 'strcpy': This function or variable may be unsafe. Consider using strcpy_s instead. To disable deprecation, use _CRT_SECURE_NO_WARNINGS. See online help for details.
  c:\program files (x86)\windows kits\10\include\10.0.15063.0\ucrt\string.h(136): note: Siehe Deklaration von "strcpy"
c:\users\kalckhop\documents\hs21 unterlagen pk\2. semester\informatik 1\studienleistung inf1 - kopie\studienleistung inf1\funcsnstructs.cpp(1654): warning C4996: 'strcpy': This function or variable may be unsafe. Consider using strcpy_s instead. To disable deprecation, use _CRT_SECURE_NO_WARNINGS. See online help for details.
  c:\program files (x86)\windows kits\10\include\10.0.15063.0\ucrt\string.h(136): note: Siehe Deklaration von "strcpy"
c:\users\kalckhop\documents\hs21 unterlagen pk\2. semester\informatik 1\studienleistung inf1 - kopie\studienleistung inf1\funcsnstructs.cpp(1655): warning C4996: 'strcpy': This function or variable may be unsafe. Consider using strcpy_s instead. To disable deprecation, use _CRT_SECURE_NO_WARNINGS. See online help for details.
  c:\program files (x86)\windows kits\10\include\10.0.15063.0\ucrt\string.h(136): note: Siehe Deklaration von "strcpy"
c:\users\kalckhop\documents\hs21 unterlagen pk\2. semester\informatik 1\studienleistung inf1 - kopie\studienleistung inf1\funcsnstructs.cpp(1656): warning C4996: 'strcpy': This function or variable may be unsafe. Consider using strcpy_s instead. To disable deprecation, use _CRT_SECURE_NO_WARNINGS. See online help for details.
  c:\program files (x86)\windows kits\10\include\10.0.15063.0\ucrt\string.h(136): note: Siehe Deklaration von "strcpy"
c:\users\kalckhop\documents\hs21 unterlagen pk\2. semester\informatik 1\studienleistung inf1 - kopie\studienleistung inf1\funcsnstructs.cpp(1658): warning C4996: 'strcpy': This function or variable may be unsafe. Consider using strcpy_s instead. To disable deprecation, use _CRT_SECURE_NO_WARNINGS. See online help for details.
  c:\program files (x86)\windows kits\10\include\10.0.15063.0\ucrt\string.h(136): note: Siehe Deklaration von "strcpy"
c:\users\kalckhop\documents\hs21 unterlagen pk\2. semester\informatik 1\studienleistung inf1 - kopie\studienleistung inf1\funcsnstructs.cpp(1659): warning C4996: 'strcpy': This function or variable may be unsafe. Consider using strcpy_s instead. To disable deprecation, use _CRT_SECURE_NO_WARNINGS. See online help for details.
  c:\program files (x86)\windows kits\10\include\10.0.15063.0\ucrt\string.h(136): note: Siehe Deklaration von "strcpy"
c:\users\kalckhop\documents\hs21 unterlagen pk\2. semester\informatik 1\studienleistung inf1 - kopie\studienleistung inf1\funcsnstructs.cpp(1660): warning C4996: 'strcpy': This function or variable may be unsafe. Consider using strcpy_s instead. To disable deprecation, use _CRT_SECURE_NO_WARNINGS. See online help for details.
  c:\program files (x86)\windows kits\10\include\10.0.15063.0\ucrt\string.h(136): note: Siehe Deklaration von "strcpy"
c:\users\kalckhop\documents\hs21 unterlagen pk\2. semester\informatik 1\studienleistung inf1 - kopie\studienleistung inf1\funcsnstructs.cpp(1661): warning C4996: 'strcpy': This function or variable may be unsafe. Consider using strcpy_s instead. To disable deprecation, use _CRT_SECURE_NO_WARNINGS. See online help for details.
  c:\program files (x86)\windows kits\10\include\10.0.15063.0\ucrt\string.h(136): note: Siehe Deklaration von "strcpy"
c:\users\kalckhop\documents\hs21 unterlagen pk\2. semester\informatik 1\studienleistung inf1 - kopie\studienleistung inf1\funcsnstructs.cpp(1662): warning C4996: 'strcpy': This function or variable may be unsafe. Consider using strcpy_s instead. To disable deprecation, use _CRT_SECURE_NO_WARNINGS. See online help for details.
  c:\program files (x86)\windows kits\10\include\10.0.15063.0\ucrt\string.h(136): note: Siehe Deklaration von "strcpy"
c:\users\kalckhop\documents\hs21 unterlagen pk\2. semester\informatik 1\studienleistung inf1 - kopie\studienleistung inf1\funcsnstructs.cpp(1669): warning C4996: 'strcpy': This function or variable may be unsafe. Consider using strcpy_s instead. To disable deprecation, use _CRT_SECURE_NO_WARNINGS. See online help for details.
  c:\program files (x86)\windows kits\10\include\10.0.15063.0\ucrt\string.h(136): note: Siehe Deklaration von "strcpy"
c:\users\kalckhop\documents\hs21 unterlagen pk\2. semester\informatik 1\studienleistung inf1 - kopie\studienleistung inf1\funcsnstructs.cpp(1670): warning C4996: 'strcpy': This function or variable may be unsafe. Consider using strcpy_s instead. To disable deprecation, use _CRT_SECURE_NO_WARNINGS. See online help for details.
  c:\program files (x86)\windows kits\10\include\10.0.15063.0\ucrt\string.h(136): note: Siehe Deklaration von "strcpy"
c:\users\kalckhop\documents\hs21 unterlagen pk\2. semester\informatik 1\studienleistung inf1 - kopie\studienleistung inf1\funcsnstructs.cpp(1671): warning C4996: 'strcpy': This function or variable may be unsafe. Consider using strcpy_s instead. To disable deprecation, use _CRT_SECURE_NO_WARNINGS. See online help for details.
  c:\program files (x86)\windows kits\10\include\10.0.15063.0\ucrt\string.h(136): note: Siehe Deklaration von "strcpy"
c:\users\kalckhop\documents\hs21 unterlagen pk\2. semester\informatik 1\studienleistung inf1 - kopie\studienleistung inf1\funcsnstructs.cpp(1672): warning C4996: 'strcpy': This function or variable may be unsafe. Consider using strcpy_s instead. To disable deprecation, use _CRT_SECURE_NO_WARNINGS. See online help for details.
  c:\program files (x86)\windows kits\10\include\10.0.15063.0\ucrt\string.h(136): note: Siehe Deklaration von "strcpy"
c:\users\kalckhop\documents\hs21 unterlagen pk\2. semester\informatik 1\studienleistung inf1 - kopie\studienleistung inf1\funcsnstructs.cpp(1673): warning C4996: 'strcpy': This function or variable may be unsafe. Consider using strcpy_s instead. To disable deprecation, use _CRT_SECURE_NO_WARNINGS. See online help for details.
  c:\program files (x86)\windows kits\10\include\10.0.15063.0\ucrt\string.h(136): note: Siehe Deklaration von "strcpy"
c:\users\kalckhop\documents\hs21 unterlagen pk\2. semester\informatik 1\studienleistung inf1 - kopie\studienleistung inf1\funcsnstructs.cpp(1699): warning C4996: 'strcpy': This function or variable may be unsafe. Consider using strcpy_s instead. To disable deprecation, use _CRT_SECURE_NO_WARNINGS. See online help for details.
  c:\program files (x86)\windows kits\10\include\10.0.15063.0\ucrt\string.h(136): note: Siehe Deklaration von "strcpy"
c:\users\kalckhop\documents\hs21 unterlagen pk\2. semester\informatik 1\studienleistung inf1 - kopie\studienleistung inf1\funcsnstructs.cpp(1700): warning C4996: 'strcpy': This function or variable may be unsafe. Consider using strcpy_s instead. To disable deprecation, use _CRT_SECURE_NO_WARNINGS. See online help for details.
  c:\program files (x86)\windows kits\10\include\10.0.15063.0\ucrt\string.h(136): note: Siehe Deklaration von "strcpy"
c:\users\kalckhop\documents\hs21 unterlagen pk\2. semester\informatik 1\studienleistung inf1 - kopie\studienleistung inf1\funcsnstructs.cpp(1701): warning C4996: 'strcpy': This function or variable may be unsafe. Consider using strcpy_s instead. To disable deprecation, use _CRT_SECURE_NO_WARNINGS. See online help for details.
  c:\program files (x86)\windows kits\10\include\10.0.15063.0\ucrt\string.h(136): note: Siehe Deklaration von "strcpy"
c:\users\kalckhop\documents\hs21 unterlagen pk\2. semester\informatik 1\studienleistung inf1 - kopie\studienleistung inf1\funcsnstructs.cpp(1702): warning C4996: 'strcpy': This function or variable may be unsafe. Consider using strcpy_s instead. To disable deprecation, use _CRT_SECURE_NO_WARNINGS. See online help for details.
  c:\program files (x86)\windows kits\10\include\10.0.15063.0\ucrt\string.h(136): note: Siehe Deklaration von "strcpy"
c:\users\kalckhop\documents\hs21 unterlagen pk\2. semester\informatik 1\studienleistung inf1 - kopie\studienleistung inf1\funcsnstructs.cpp(1704): warning C4996: 'strcpy': This function or variable may be unsafe. Consider using strcpy_s instead. To disable deprecation, use _CRT_SECURE_NO_WARNINGS. See online help for details.
  c:\program files (x86)\windows kits\10\include\10.0.15063.0\ucrt\string.h(136): note: Siehe Deklaration von "strcpy"
c:\users\kalckhop\documents\hs21 unterlagen pk\2. semester\informatik 1\studienleistung inf1 - kopie\studienleistung inf1\funcsnstructs.cpp(1705): warning C4996: 'strcpy': This function or variable may be unsafe. Consider using strcpy_s instead. To disable deprecation, use _CRT_SECURE_NO_WARNINGS. See online help for details.
  c:\program files (x86)\windows kits\10\include\10.0.15063.0\ucrt\string.h(136): note: Siehe Deklaration von "strcpy"
c:\users\kalckhop\documents\hs21 unterlagen pk\2. semester\informatik 1\studienleistung inf1 - kopie\studienleistung inf1\funcsnstructs.cpp(1706): warning C4996: 'strcpy': This function or variable may be unsafe. Consider using strcpy_s instead. To disable deprecation, use _CRT_SECURE_NO_WARNINGS. See online help for details.
  c:\program files (x86)\windows kits\10\include\10.0.15063.0\ucrt\string.h(136): note: Siehe Deklaration von "strcpy"
c:\users\kalckhop\documents\hs21 unterlagen pk\2. semester\informatik 1\studienleistung inf1 - kopie\studienleistung inf1\funcsnstructs.cpp(1707): warning C4996: 'strcpy': This function or variable may be unsafe. Consider using strcpy_s instead. To disable deprecation, use _CRT_SECURE_NO_WARNINGS. See online help for details.
  c:\program files (x86)\windows kits\10\include\10.0.15063.0\ucrt\string.h(136): note: Siehe Deklaration von "strcpy"
c:\users\kalckhop\documents\hs21 unterlagen pk\2. semester\informatik 1\studienleistung inf1 - kopie\studienleistung inf1\funcsnstructs.cpp(1708): warning C4996: 'strcpy': This function or variable may be unsafe. Consider using strcpy_s instead. To disable deprecation, use _CRT_SECURE_NO_WARNINGS. See online help for details.
  c:\program files (x86)\windows kits\10\include\10.0.15063.0\ucrt\string.h(136): note: Siehe Deklaration von "strcpy"
c:\users\kalckhop\documents\hs21 unterlagen pk\2. semester\informatik 1\studienleistung inf1 - kopie\studienleistung inf1\funcsnstructs.cpp(1742): warning C4996: 'scanf': This function or variable may be unsafe. Consider using scanf_s instead. To disable deprecation, use _CRT_SECURE_NO_WARNINGS. See online help for details.
  c:\program files (x86)\windows kits\10\include\10.0.15063.0\ucrt\stdio.h(1272): note: Siehe Deklaration von "scanf"
  Code wird generiert...
  Studienleistung INF1.vcxproj -> C:\Users\kalckhop\Documents\HS21 Unterlagen PK\2. Semester\Informatik 1\Studienleistung INF1 - Kopie\x64\Debug\Studienleistung INF1.exe
  Studienleistung INF1.vcxproj -> C:\Users\kalckhop\Documents\HS21 Unterlagen PK\2. Semester\Informatik 1\Studienleistung INF1 - Kopie\x64\Debug\Studienleistung INF1.pdb (Partial PDB)
